2017-07-26 15:17:00 - PHP Warning:  mysqli::mysqli(): (HY000/1049): Unknown database 'chefman-shop.github.io' in C:\xampp\htdocs\chefman-shop.github.io\system\library\db\mysqli.php on line 7
2017-07-26 15:17:00 - PHP Warning:  DB\MySQLi::__construct(): Couldn't fetch mysqli in C:\xampp\htdocs\chefman-shop.github.io\system\library\db\mysqli.php on line 10
2017-07-26 15:17:00 - PHP Warning:  DB\MySQLi::__construct(): Couldn't fetch mysqli in C:\xampp\htdocs\chefman-shop.github.io\system\library\db\mysqli.php on line 10
2017-07-26 15:17:00 - PHP Notice:  Undefined variable: mysql in C:\xampp\htdocs\chefman-shop.github.io\install\controller\install\step_3.php on line 280
2017-07-26 15:17:00 - PHP Notice:  Trying to get property of non-object in C:\xampp\htdocs\chefman-shop.github.io\install\controller\install\step_3.php on line 280
2017-07-26 15:17:14 - PHP Warning:  mysqli::mysqli(): (HY000/1049): Unknown database 'chefman-shop.github.io' in C:\xampp\htdocs\chefman-shop.github.io\system\library\db\mysqli.php on line 7
2017-07-26 15:17:14 - PHP Warning:  DB\MySQLi::__construct(): Couldn't fetch mysqli in C:\xampp\htdocs\chefman-shop.github.io\system\library\db\mysqli.php on line 10
2017-07-26 15:17:14 - PHP Warning:  DB\MySQLi::__construct(): Couldn't fetch mysqli in C:\xampp\htdocs\chefman-shop.github.io\system\library\db\mysqli.php on line 10
2017-07-26 15:17:14 - PHP Notice:  Undefined variable: mysql in C:\xampp\htdocs\chefman-shop.github.io\install\controller\install\step_3.php on line 280
2017-07-26 15:17:14 - PHP Notice:  Trying to get property of non-object in C:\xampp\htdocs\chefman-shop.github.io\install\controller\install\step_3.php on line 280
2017-07-26 15:17:46 - PHP Warning:  mysqli::mysqli(): (HY000/1049): Unknown database 'chefman-shop.github.io' in C:\xampp\htdocs\chefman-shop.github.io\system\library\db\mysqli.php on line 7
2017-07-26 15:17:46 - PHP Warning:  DB\MySQLi::__construct(): Couldn't fetch mysqli in C:\xampp\htdocs\chefman-shop.github.io\system\library\db\mysqli.php on line 10
2017-07-26 15:17:46 - PHP Warning:  DB\MySQLi::__construct(): Couldn't fetch mysqli in C:\xampp\htdocs\chefman-shop.github.io\system\library\db\mysqli.php on line 10
2017-07-26 15:17:46 - PHP Notice:  Undefined variable: mysql in C:\xampp\htdocs\chefman-shop.github.io\install\controller\install\step_3.php on line 280
2017-07-26 15:17:46 - PHP Notice:  Trying to get property of non-object in C:\xampp\htdocs\chefman-shop.github.io\install\controller\install\step_3.php on line 280
2017-07-26 15:20:44 - PHP Warning:  mysqli::mysqli(): (HY000/1049): Unknown database 'chefman-shop-github-io' in C:\xampp\htdocs\chefman-shop.github.io\system\library\db\mysqli.php on line 7
2017-07-26 15:20:44 - PHP Warning:  DB\MySQLi::__construct(): Couldn't fetch mysqli in C:\xampp\htdocs\chefman-shop.github.io\system\library\db\mysqli.php on line 10
2017-07-26 15:20:44 - PHP Warning:  DB\MySQLi::__construct(): Couldn't fetch mysqli in C:\xampp\htdocs\chefman-shop.github.io\system\library\db\mysqli.php on line 10
2017-07-26 15:20:44 - PHP Notice:  Undefined variable: mysql in C:\xampp\htdocs\chefman-shop.github.io\install\controller\install\step_3.php on line 280
2017-07-26 15:20:44 - PHP Notice:  Trying to get property of non-object in C:\xampp\htdocs\chefman-shop.github.io\install\controller\install\step_3.php on line 280
2017-07-26 15:24:10 - PHP Warning:  mysqli::mysqli(): (HY000/1049): Unknown database 'chefman-shop-github-io' in C:\xampp\htdocs\chefman-shop.github.io\system\library\db\mysqli.php on line 7
2017-07-26 15:24:10 - PHP Warning:  DB\MySQLi::__construct(): Couldn't fetch mysqli in C:\xampp\htdocs\chefman-shop.github.io\system\library\db\mysqli.php on line 10
2017-07-26 15:24:10 - PHP Warning:  DB\MySQLi::__construct(): Couldn't fetch mysqli in C:\xampp\htdocs\chefman-shop.github.io\system\library\db\mysqli.php on line 10
2017-07-26 15:24:10 - PHP Notice:  Undefined variable: mysql in C:\xampp\htdocs\chefman-shop.github.io\install\controller\install\step_3.php on line 280
2017-07-26 15:24:10 - PHP Notice:  Trying to get property of non-object in C:\xampp\htdocs\chefman-shop.github.io\install\controller\install\step_3.php on line 280
2017-07-26 15:24:18 - PHP Warning:  mysqli::mysqli(): (HY000/1049): Unknown database 'chefman-shop-github-io' in C:\xampp\htdocs\chefman-shop.github.io\system\library\db\mysqli.php on line 7
2017-07-26 15:24:18 - PHP Warning:  DB\MySQLi::__construct(): Couldn't fetch mysqli in C:\xampp\htdocs\chefman-shop.github.io\system\library\db\mysqli.php on line 10
2017-07-26 15:24:18 - PHP Warning:  DB\MySQLi::__construct(): Couldn't fetch mysqli in C:\xampp\htdocs\chefman-shop.github.io\system\library\db\mysqli.php on line 10
2017-07-26 15:24:18 - PHP Notice:  Undefined variable: mysql in C:\xampp\htdocs\chefman-shop.github.io\install\controller\install\step_3.php on line 280
2017-07-26 15:24:18 - PHP Notice:  Trying to get property of non-object in C:\xampp\htdocs\chefman-shop.github.io\install\controller\install\step_3.php on line 280
2017-07-26 15:25:07 - PHP Warning:  mysqli::mysqli(): (HY000/1049): Unknown database 'chefman-shop-github-io' in C:\xampp\htdocs\chefman-shop.github.io\system\library\db\mysqli.php on line 7
2017-07-26 15:25:07 - PHP Warning:  DB\MySQLi::__construct(): Couldn't fetch mysqli in C:\xampp\htdocs\chefman-shop.github.io\system\library\db\mysqli.php on line 10
2017-07-26 15:25:07 - PHP Warning:  DB\MySQLi::__construct(): Couldn't fetch mysqli in C:\xampp\htdocs\chefman-shop.github.io\system\library\db\mysqli.php on line 10
2017-07-26 15:25:07 - PHP Notice:  Undefined variable: mysql in C:\xampp\htdocs\chefman-shop.github.io\install\controller\install\step_3.php on line 280
2017-07-26 15:25:07 - PHP Notice:  Trying to get property of non-object in C:\xampp\htdocs\chefman-shop.github.io\install\controller\install\step_3.php on line 280
2017-07-26 15:25:10 - PHP Warning:  mysqli::mysqli(): (HY000/1049): Unknown database 'chefman-shop-github-io' in C:\xampp\htdocs\chefman-shop.github.io\system\library\db\mysqli.php on line 7
2017-07-26 15:25:10 - PHP Warning:  DB\MySQLi::__construct(): Couldn't fetch mysqli in C:\xampp\htdocs\chefman-shop.github.io\system\library\db\mysqli.php on line 10
2017-07-26 15:25:10 - PHP Warning:  DB\MySQLi::__construct(): Couldn't fetch mysqli in C:\xampp\htdocs\chefman-shop.github.io\system\library\db\mysqli.php on line 10
2017-07-26 15:25:10 - PHP Notice:  Undefined variable: mysql in C:\xampp\htdocs\chefman-shop.github.io\install\controller\install\step_3.php on line 280
2017-07-26 15:25:10 - PHP Notice:  Trying to get property of non-object in C:\xampp\htdocs\chefman-shop.github.io\install\controller\install\step_3.php on line 280
